[debug] [2026-06-18T07:26:04.303Z] ----------------------------------------------------------------------
[debug] [2026-06-18T07:26:04.324Z] Command:       C:\Program Files\nodejs\node.exe C:\Users\pc\AppData\Roaming\npm\node_modules\firebase-tools\lib\bin\firebase.js login:ci
[debug] [2026-06-18T07:26:04.324Z] CLI Version:   15.21.0
[debug] [2026-06-18T07:26:04.324Z] Platform:      win32
[debug] [2026-06-18T07:26:04.324Z] Node Version:  v24.17.0
[debug] [2026-06-18T07:26:04.324Z] Detected Agent: unknown
[debug] [2026-06-18T07:26:04.325Z] Time:          Thu Jun 18 2026 03:26:04 GMT-0400 (hora de Venezuela)
[debug] [2026-06-18T07:26:04.325Z] ----------------------------------------------------------------------
[debug] 
[debug] [2026-06-18T07:26:04.326Z] >>> [apiv2][query] GET https://firebase-public.firebaseio.com/cli.json [none]
[warn] !  Authenticating with a `login:ci` token is deprecated and will be removed in a future major version of `firebase-tools`. Instead, use a service account key with `GOOGLE_APPLICATION_CREDENTIALS`: https://cloud.google.com/docs/authentication/getting-started 
[info] 
[info] Visit this URL on this device to log in:
[info] https://accounts.google.com/o/oauth2/auth?client_id=563584335869-fgrhgmd47bqnekij5i8b5pr03ho849e6.apps.googleusercontent.com&scope=email%20openid%20https%3A%2F%2Fwww.googleapis.com%2Fauth%2Fcloudplatformprojects.readonly%20https%3A%2F%2Fwww.googleapis.com%2Fauth%2Ffirebase%20https%3A%2F%2Fwww.googleapis.com%2Fauth%2Fcloud-platform&response_type=code&state=690526973&redirect_uri=http%3A%2F%2Flocalhost%3A9005
[info] 
[info] Waiting for authentication...
[debug] [2026-06-18T07:26:04.928Z] <<< [apiv2][status] GET https://firebase-public.firebaseio.com/cli.json 200
[debug] [2026-06-18T07:26:04.928Z] <<< [apiv2][body] GET https://firebase-public.firebaseio.com/cli.json {"cloudBuildErrorAfter":1594252800000,"cloudBuildWarnAfter":1590019200000,"defaultNode10After":1594252800000,"minVersion":"3.0.5","node8DeploysDisabledAfter":1613390400000,"node8RuntimeDisabledAfter":1615809600000,"node8WarnAfter":1600128000000}
[debug] [2026-06-18T07:26:41.379Z] >>> [apiv2][query] POST https://accounts.google.com/o/oauth2/token [none]
[debug] [2026-06-18T07:26:41.380Z] >>> [apiv2][body] POST https://accounts.google.com/o/oauth2/token [omitted]
[debug] [2026-06-18T07:26:42.027Z] Token Fetch Error: FirebaseError: FetchError: Invalid response body while trying to fetch https://accounts.google.com/o/oauth2/token: Premature close
    at RetryOperation._fn (C:\Users\pc\AppData\Roaming\npm\node_modules\firebase-tools\lib\apiv2.js:317:88)
    at process.processTicksAndRejections (node:internal/process/task_queues:104:5)
[error] Authentication Error: Your credentials are no longer valid. Please run firebase login --reauth

For CI servers and headless environments, generate a new token with firebase login:ci
[debug] [2026-06-18T07:26:42.031Z] >>> [apiv2][query] POST https://auth.firebase.tools/attest [none]
[debug] [2026-06-18T07:26:42.031Z] >>> [apiv2][body] POST https://auth.firebase.tools/attest {"session_id":"23213701-223c-4415-9231-fd512b8b03b8"}
[debug] [2026-06-18T07:26:42.901Z] <<< [apiv2][status] POST https://auth.firebase.tools/attest 200
[debug] [2026-06-18T07:26:42.901Z] <<< [apiv2][body] POST https://auth.firebase.tools/attest {"token":"08zYz2VMddYLrUWJizbBUszYTH4E7vlpUbC3RYoCKSE"}
[info] 
[info] To sign in to the Firebase CLI:
[info] 
[info] 1. Take note of your session ID:
[info] 
[info]    23213
[info] 
[info] 2. Visit the URL below on any device and follow the instructions to get your code:
[info] 
[info]    https://auth.firebase.tools/login?code_challenge=xNX5peQkLEhm6HhEzix6b3MhwyGwTSEjQfFjKDcSRtc&session=23213701-223c-4415-9231-fd512b8b03b8&attest=08zYz2VMddYLrUWJizbBUszYTH4E7vlpUbC3RYoCKSE
[info] 
[info] 3. Paste or enter the authorization code below once you have it:
[info] 
